<?xml version="1.0" encoding="UTF-8"?>
<!-- Generated by org.testng.reporters.JUnitReportReporter -->
<testsuite hostname="DESKTOP-KOJOBGV" failures="0" tests="1" name="com.mohs10.scripts.HomeTest" time="23.884" errors="0" timestamp="2023-05-17T12:33:59 IST" skipped="0">
  <testcase classname="com.mohs10.scripts.HomeTest" name="LoginTestCase3" time="23.884"/>
  <system-out/>
</testsuite> <!-- com.mohs10.scripts.HomeTest -->
