<?xml version="1.0" encoding="UTF-8"?>
<!-- Generated by org.testng.reporters.JUnitReportReporter -->
<testsuite hostname="DESKTOP-KOJOBGV" failures="0" tests="2" name="com.mohs10.ActionDriver.dataEncryptDecrypt" time="0.864" errors="0" timestamp="2023-05-03T17:32:52 IST" skipped="0">
  <testcase classname="com.mohs10.ActionDriver.dataEncryptDecrypt" name="main" time="0.198"/>
  <system-out/>
  <testcase classname="com.mohs10.ActionDriver.dataEncryptDecrypt" name="loginWithCredentialsFromExcel" time="0.666"/>
  <system-out/>
</testsuite> <!-- com.mohs10.ActionDriver.dataEncryptDecrypt -->
